[debug] [2024-11-02T21:04:33.349Z] ----------------------------------------------------------------------
[debug] [2024-11-02T21:04:33.350Z] Command:       /opt/homebrew/Cellar/node@18/18.20.4_1/bin/node /opt/homebrew/bin/firebase deploy --only functions
[debug] [2024-11-02T21:04:33.350Z] CLI Version:   13.23.1
[debug] [2024-11-02T21:04:33.350Z] Platform:      darwin
[debug] [2024-11-02T21:04:33.350Z] Node Version:  v18.20.4
[debug] [2024-11-02T21:04:33.355Z] Time:          Sat Nov 02 2024 16:04:33 GMT-0500 (Central Daylight Time)
[debug] [2024-11-02T21:04:33.355Z] ----------------------------------------------------------------------
[debug] 
[debug] [2024-11-02T21:04:33.390Z] > command requires scopes: ["email","openid","https://www.googleapis.com/auth/cloudplatformprojects.readonly","https://www.googleapis.com/auth/firebase","https://www.googleapis.com/auth/cloud-platform"]
[debug] [2024-11-02T21:04:33.391Z] > authorizing via signed-in user (syedkashish2003@gmail.com)
[debug] [2024-11-02T21:04:33.391Z] [iam] checking project clone-72e22 for permissions ["cloudfunctions.functions.create","cloudfunctions.functions.delete","cloudfunctions.functions.get","cloudfunctions.functions.list","cloudfunctions.functions.update","cloudfunctions.operations.get","firebase.projects.get"]
[debug] [2024-11-02T21:04:33.391Z] Checked if tokens are valid: false, expires at: 1730581420040
[debug] [2024-11-02T21:04:33.391Z] Checked if tokens are valid: false, expires at: 1730581420040
[debug] [2024-11-02T21:04:33.392Z] > refreshing access token with scopes: []
[debug] [2024-11-02T21:04:33.392Z] >>> [apiv2][query] POST https://www.googleapis.com/oauth2/v3/token [none]
[debug] [2024-11-02T21:04:33.392Z] >>> [apiv2][body] POST https://www.googleapis.com/oauth2/v3/token [omitted]
[debug] [2024-11-02T21:04:33.690Z] <<< [apiv2][status] POST https://www.googleapis.com/oauth2/v3/token 200
[debug] [2024-11-02T21:04:33.690Z] <<< [apiv2][body] POST https://www.googleapis.com/oauth2/v3/token [omitted]
[debug] [2024-11-02T21:04:33.703Z] >>> [apiv2][query] POST https://cloudresourcemanager.googleapis.com/v1/projects/clone-72e22:testIamPermissions [none]
[debug] [2024-11-02T21:04:33.703Z] >>> [apiv2][(partial)header] POST https://cloudresourcemanager.googleapis.com/v1/projects/clone-72e22:testIamPermissions x-goog-quota-user=projects/clone-72e22
[debug] [2024-11-02T21:04:33.703Z] >>> [apiv2][body] POST https://cloudresourcemanager.googleapis.com/v1/projects/clone-72e22:testIamPermissions {"permissions":["cloudfunctions.functions.create","cloudfunctions.functions.delete","cloudfunctions.functions.get","cloudfunctions.functions.list","cloudfunctions.functions.update","cloudfunctions.operations.get","firebase.projects.get"]}
[debug] [2024-11-02T21:04:34.039Z] <<< [apiv2][status] POST https://cloudresourcemanager.googleapis.com/v1/projects/clone-72e22:testIamPermissions 200
[debug] [2024-11-02T21:04:34.039Z] <<< [apiv2][body] POST https://cloudresourcemanager.googleapis.com/v1/projects/clone-72e22:testIamPermissions {"permissions":["cloudfunctions.functions.create","cloudfunctions.functions.delete","cloudfunctions.functions.get","cloudfunctions.functions.list","cloudfunctions.functions.update","cloudfunctions.operations.get","firebase.projects.get"]}
[debug] [2024-11-02T21:04:34.039Z] Checked if tokens are valid: true, expires at: 1730585072691
[debug] [2024-11-02T21:04:34.039Z] Checked if tokens are valid: true, expires at: 1730585072691
[debug] [2024-11-02T21:04:34.039Z] >>> [apiv2][query] POST https://iam.googleapis.com/v1/projects/clone-72e22/serviceAccounts/clone-72e22@appspot.gserviceaccount.com:testIamPermissions [none]
[debug] [2024-11-02T21:04:34.039Z] >>> [apiv2][body] POST https://iam.googleapis.com/v1/projects/clone-72e22/serviceAccounts/clone-72e22@appspot.gserviceaccount.com:testIamPermissions {"permissions":["iam.serviceAccounts.actAs"]}
[debug] [2024-11-02T21:04:34.429Z] <<< [apiv2][status] POST https://iam.googleapis.com/v1/projects/clone-72e22/serviceAccounts/clone-72e22@appspot.gserviceaccount.com:testIamPermissions 200
[debug] [2024-11-02T21:04:34.429Z] <<< [apiv2][body] POST https://iam.googleapis.com/v1/projects/clone-72e22/serviceAccounts/clone-72e22@appspot.gserviceaccount.com:testIamPermissions {"permissions":["iam.serviceAccounts.actAs"]}
[info] 
[info] === Deploying to 'clone-72e22'...
[info] 
[info] i  deploying functions 
[info] Running command: npm --prefix "$RESOURCE_DIR" run lint
