[debug] [2024-11-05T23:59:04.582Z] ----------------------------------------------------------------------
[debug] [2024-11-05T23:59:04.583Z] Command:       /opt/homebrew/Cellar/node@18/18.20.4_1/bin/node /opt/homebrew/bin/firebase use --add
[debug] [2024-11-05T23:59:04.583Z] CLI Version:   13.23.1
[debug] [2024-11-05T23:59:04.584Z] Platform:      darwin
[debug] [2024-11-05T23:59:04.584Z] Node Version:  v18.20.4
[debug] [2024-11-05T23:59:04.585Z] Time:          Tue Nov 05 2024 17:59:04 GMT-0600 (Central Standard Time)
[debug] [2024-11-05T23:59:04.585Z] ----------------------------------------------------------------------
[debug] 
[debug] [2024-11-05T23:59:04.618Z] > command requires scopes: ["email","openid","https://www.googleapis.com/auth/cloudplatformprojects.readonly","https://www.googleapis.com/auth/firebase","https://www.googleapis.com/auth/cloud-platform"]
[debug] [2024-11-05T23:59:04.618Z] > authorizing via signed-in user (syedkashish2003@gmail.com)
[debug] [2024-11-05T23:59:04.619Z] Checked if tokens are valid: false, expires at: 1730825940520
[debug] [2024-11-05T23:59:04.619Z] Checked if tokens are valid: false, expires at: 1730825940520
[debug] [2024-11-05T23:59:04.619Z] > refreshing access token with scopes: []
[debug] [2024-11-05T23:59:04.620Z] >>> [apiv2][query] POST https://www.googleapis.com/oauth2/v3/token [none]
[debug] [2024-11-05T23:59:04.620Z] >>> [apiv2][body] POST https://www.googleapis.com/oauth2/v3/token [omitted]
[debug] [2024-11-05T23:59:04.759Z] <<< [apiv2][status] POST https://www.googleapis.com/oauth2/v3/token 200
[debug] [2024-11-05T23:59:04.760Z] <<< [apiv2][body] POST https://www.googleapis.com/oauth2/v3/token [omitted]
[debug] [2024-11-05T23:59:04.767Z] >>> [apiv2][query] GET https://firebase.googleapis.com/v1beta1/projects pageSize=1000
[debug] [2024-11-05T23:59:04.976Z] <<< [apiv2][status] GET https://firebase.googleapis.com/v1beta1/projects 200
[debug] [2024-11-05T23:59:04.976Z] <<< [apiv2][body] GET https://firebase.googleapis.com/v1beta1/projects [omitted]
